<?xml version="1.0" encoding="UTF-8"?>
<robot generator="Robot 4.1.1 (Python 3.8.9 on darwin)" generated="20210930 12:11:59.577" rpa="false" schemaversion="2">
<suite id="s1" name="Amazon-concise" source="/Users/prashanthpola/PycharmProjects/verizon5g/Tests/Amazon-concise.robot">
<test id="s1-t1" name="Logged out user can search for products">
<kw name="Begin Web Test" library="Common" type="SETUP">
<kw name="Open Browser" library="SeleniumLibrary">
<arg>about:blank</arg>
<arg>chrome</arg>
<doc>Opens a new browser instance to the optional ``url``.</doc>
<msg timestamp="20210930 12:11:59.881" level="INFO">Opening browser 'chrome' to base url 'about:blank'.</msg>
<status status="PASS" starttime="20210930 12:11:59.881" endtime="20210930 12:12:02.762"/>
</kw>
<status status="PASS" starttime="20210930 12:11:59.880" endtime="20210930 12:12:02.762"/>
</kw>
<kw name="Given user is not logged in" library="AmazonApp">
<kw name="Log" library="BuiltIn">
<arg>Check to see whether user is logged in</arg>
<doc>Logs the given message with the given level.</doc>
<msg timestamp="20210930 12:12:02.767" level="INFO">Check to see whether user is logged in</msg>
<status status="PASS" starttime="20210930 12:12:02.765" endtime="20210930 12:12:02.767"/>
</kw>
<status status="PASS" starttime="20210930 12:12:02.764" endtime="20210930 12:12:02.767"/>
</kw>
<kw name="When user searches for products" library="AmazonApp">
<kw name="Load" library="LandingPage">
<kw name="Go To" library="SeleniumLibrary">
<arg>http://www.amazon.com</arg>
<doc>Navigates the current browser window to the provided ``url``.</doc>
<msg timestamp="20210930 12:12:02.770" level="INFO">Opening url 'http://www.amazon.com'</msg>
<status status="PASS" starttime="20210930 12:12:02.770" endtime="20210930 12:12:06.853"/>
</kw>
<status status="PASS" starttime="20210930 12:12:02.769" endtime="20210930 12:12:06.856"/>
</kw>
<kw name="Search for Products" library="TopNav">
<kw name="Enter Search Term" library="TopNav">
<kw name="Input Text" library="SeleniumLibrary">
<arg>id=twotabsearchtextbox</arg>
<arg>Ferrari 458</arg>
<doc>Types the given ``text`` into the text field identified by ``locator``.</doc>
<msg timestamp="20210930 12:12:06.870" level="INFO">Typing text 'Ferrari 458' into text field 'id=twotabsearchtextbox'.</msg>
<status status="PASS" starttime="20210930 12:12:06.863" endtime="20210930 12:12:07.826"/>
</kw>
<status status="PASS" starttime="20210930 12:12:06.862" endtime="20210930 12:12:07.827"/>
</kw>
<kw name="Submit Search" library="TopNav">
<kw name="Click Button" library="SeleniumLibrary">
<arg>xpath=//*[@id="nav-search"]/form/div[2]/div/input</arg>
<doc>Clicks the button identified by ``locator``.</doc>
<msg timestamp="20210930 12:12:07.828" level="INFO">Clicking button 'xpath=//*[@id="nav-search"]/form/div[2]/div/input'.</msg>
<status status="PASS" starttime="20210930 12:12:07.828" endtime="20210930 12:12:08.184"/>
</kw>
<status status="PASS" starttime="20210930 12:12:07.827" endtime="20210930 12:12:08.184"/>
</kw>
<status status="PASS" starttime="20210930 12:12:06.858" endtime="20210930 12:12:08.184"/>
</kw>
<status status="PASS" starttime="20210930 12:12:02.768" endtime="20210930 12:12:08.185"/>
</kw>
<kw name="Then search results contains relevant products" library="AmazonApp">
<kw name="Verify Search Completed" library="SearchResults">
<kw name="Wait Until Page Contains" library="SeleniumLibrary">
<arg>results for "Ferrari 458"</arg>
<doc>Waits until ``text`` appears on the current page.</doc>
<kw name="Capture Page Screenshot" library="SeleniumLibrary">
<doc>Takes a screenshot of the current page and embeds it into a log file.</doc>
<msg timestamp="20210930 12:12:13.970" level="INFO" html="true">&lt;/td&gt;&lt;/tr&gt;&lt;tr&gt;&lt;td colspan="3"&gt;&lt;a href="selenium-screenshot-5.png"&gt;&lt;img src="selenium-screenshot-5.png" width="800px"&gt;&lt;/a&gt;</msg>
<status status="PASS" starttime="20210930 12:12:13.246" endtime="20210930 12:12:13.970"/>
</kw>
<msg timestamp="20210930 12:12:13.983" level="FAIL">Text 'results for "Ferrari 458"' did not appear in 5 seconds.</msg>
<status status="FAIL" starttime="20210930 12:12:08.188" endtime="20210930 12:12:13.983"/>
</kw>
<status status="FAIL" starttime="20210930 12:12:08.187" endtime="20210930 12:12:13.985"/>
</kw>
<status status="FAIL" starttime="20210930 12:12:08.186" endtime="20210930 12:12:13.985"/>
</kw>
<kw name="End Web Test" library="Common" type="TEARDOWN">
<kw name="Close Browser" library="SeleniumLibrary">
<doc>Closes the current browser.</doc>
<status status="PASS" starttime="20210930 12:12:13.988" endtime="20210930 12:12:14.195"/>
</kw>
<status status="PASS" starttime="20210930 12:12:13.987" endtime="20210930 12:12:14.195"/>
</kw>
<tag>Smoke</tag>
<status status="FAIL" starttime="20210930 12:11:59.880" endtime="20210930 12:12:14.195">Text 'results for "Ferrari 458"' did not appear in 5 seconds.</status>
</test>
<test id="s1-t2" name="Logged out user can view a product">
<kw name="Begin Web Test" library="Common" type="SETUP">
<kw name="Open Browser" library="SeleniumLibrary">
<arg>about:blank</arg>
<arg>chrome</arg>
<doc>Opens a new browser instance to the optional ``url``.</doc>
<msg timestamp="20210930 12:12:14.199" level="INFO">Opening browser 'chrome' to base url 'about:blank'.</msg>
<status status="PASS" starttime="20210930 12:12:14.199" endtime="20210930 12:12:16.942"/>
</kw>
<status status="PASS" starttime="20210930 12:12:14.198" endtime="20210930 12:12:16.942"/>
</kw>
<kw name="Given user is not logged in" library="AmazonApp">
<kw name="Log" library="BuiltIn">
<arg>Check to see whether user is logged in</arg>
<doc>Logs the given message with the given level.</doc>
<msg timestamp="20210930 12:12:16.944" level="INFO">Check to see whether user is logged in</msg>
<status status="PASS" starttime="20210930 12:12:16.944" endtime="20210930 12:12:16.944"/>
</kw>
<status status="PASS" starttime="20210930 12:12:16.943" endtime="20210930 12:12:16.945"/>
</kw>
<kw name="When user selects a searched product" library="AmazonApp">
<doc>This 2nd level keyword calls other 1st level keywords to help simplify the test case</doc>
<kw name="user searches for products" library="AmazonApp">
<kw name="Load" library="LandingPage">
<kw name="Go To" library="SeleniumLibrary">
<arg>http://www.amazon.com</arg>
<doc>Navigates the current browser window to the provided ``url``.</doc>
<msg timestamp="20210930 12:12:16.948" level="INFO">Opening url 'http://www.amazon.com'</msg>
<status status="PASS" starttime="20210930 12:12:16.947" endtime="20210930 12:12:19.057"/>
</kw>
<status status="PASS" starttime="20210930 12:12:16.947" endtime="20210930 12:12:19.057"/>
</kw>
<kw name="Search for Products" library="TopNav">
<kw name="Enter Search Term" library="TopNav">
<kw name="Input Text" library="SeleniumLibrary">
<arg>id=twotabsearchtextbox</arg>
<arg>Ferrari 458</arg>
<doc>Types the given ``text`` into the text field identified by ``locator``.</doc>
<msg timestamp="20210930 12:12:19.059" level="INFO">Typing text 'Ferrari 458' into text field 'id=twotabsearchtextbox'.</msg>
<status status="PASS" starttime="20210930 12:12:19.059" endtime="20210930 12:12:21.541"/>
</kw>
<status status="PASS" starttime="20210930 12:12:19.058" endtime="20210930 12:12:21.542"/>
</kw>
<kw name="Submit Search" library="TopNav">
<kw name="Click Button" library="SeleniumLibrary">
<arg>xpath=//*[@id="nav-search"]/form/div[2]/div/input</arg>
<doc>Clicks the button identified by ``locator``.</doc>
<msg timestamp="20210930 12:12:21.543" level="INFO">Clicking button 'xpath=//*[@id="nav-search"]/form/div[2]/div/input'.</msg>
<status status="PASS" starttime="20210930 12:12:21.542" endtime="20210930 12:12:21.881"/>
</kw>
<status status="PASS" starttime="20210930 12:12:21.542" endtime="20210930 12:12:21.881"/>
</kw>
<status status="PASS" starttime="20210930 12:12:19.057" endtime="20210930 12:12:21.881"/>
</kw>
<status status="PASS" starttime="20210930 12:12:16.946" endtime="20210930 12:12:21.882"/>
</kw>
<kw name="search results contains relevant products" library="AmazonApp">
<kw name="Verify Search Completed" library="SearchResults">
<kw name="Wait Until Page Contains" library="SeleniumLibrary">
<arg>results for "Ferrari 458"</arg>
<doc>Waits until ``text`` appears on the current page.</doc>
<kw name="Capture Page Screenshot" library="SeleniumLibrary">
<doc>Takes a screenshot of the current page and embeds it into a log file.</doc>
<msg timestamp="20210930 12:12:27.617" level="INFO" html="true">&lt;/td&gt;&lt;/tr&gt;&lt;tr&gt;&lt;td colspan="3"&gt;&lt;a href="selenium-screenshot-6.png"&gt;&lt;img src="selenium-screenshot-6.png" width="800px"&gt;&lt;/a&gt;</msg>
<status status="PASS" starttime="20210930 12:12:26.972" endtime="20210930 12:12:27.617"/>
</kw>
<msg timestamp="20210930 12:12:27.618" level="FAIL">Text 'results for "Ferrari 458"' did not appear in 5 seconds.</msg>
<status status="FAIL" starttime="20210930 12:12:21.883" endtime="20210930 12:12:27.618"/>
</kw>
<status status="FAIL" starttime="20210930 12:12:21.882" endtime="20210930 12:12:27.619"/>
</kw>
<status status="FAIL" starttime="20210930 12:12:21.882" endtime="20210930 12:12:27.620"/>
</kw>
<kw name="user selects a product from search results" library="AmazonApp">
<status status="NOT RUN" starttime="20210930 12:12:27.620" endtime="20210930 12:12:27.620"/>
</kw>
<status status="FAIL" starttime="20210930 12:12:16.945" endtime="20210930 12:12:27.620"/>
</kw>
<kw name="Then correct product page loads" library="AmazonApp">
<status status="NOT RUN" starttime="20210930 12:12:27.621" endtime="20210930 12:12:27.621"/>
</kw>
<kw name="End Web Test" library="Common" type="TEARDOWN">
<kw name="Close Browser" library="SeleniumLibrary">
<doc>Closes the current browser.</doc>
<status status="PASS" starttime="20210930 12:12:27.622" endtime="20210930 12:12:27.832"/>
</kw>
<status status="PASS" starttime="20210930 12:12:27.621" endtime="20210930 12:12:27.832"/>
</kw>
<tag>Smoke</tag>
<status status="FAIL" starttime="20210930 12:12:14.197" endtime="20210930 12:12:27.832">Text 'results for "Ferrari 458"' did not appear in 5 seconds.</status>
</test>
<test id="s1-t3" name="Logged out user can add product to cart">
<kw name="Begin Web Test" library="Common" type="SETUP">
<kw name="Open Browser" library="SeleniumLibrary">
<arg>about:blank</arg>
<arg>chrome</arg>
<doc>Opens a new browser instance to the optional ``url``.</doc>
<msg timestamp="20210930 12:12:27.836" level="INFO">Opening browser 'chrome' to base url 'about:blank'.</msg>
<status status="PASS" starttime="20210930 12:12:27.835" endtime="20210930 12:12:30.582"/>
</kw>
<status status="PASS" starttime="20210930 12:12:27.834" endtime="20210930 12:12:30.583"/>
</kw>
<kw name="Given user is not logged in" library="AmazonApp">
<kw name="Log" library="BuiltIn">
<arg>Check to see whether user is logged in</arg>
<doc>Logs the given message with the given level.</doc>
<msg timestamp="20210930 12:12:30.585" level="INFO">Check to see whether user is logged in</msg>
<status status="PASS" starttime="20210930 12:12:30.584" endtime="20210930 12:12:30.586"/>
</kw>
<status status="PASS" starttime="20210930 12:12:30.584" endtime="20210930 12:12:30.586"/>
</kw>
<kw name="And user selects a searched product" library="AmazonApp">
<doc>This 2nd level keyword calls other 1st level keywords to help simplify the test case</doc>
<kw name="user searches for products" library="AmazonApp">
<kw name="Load" library="LandingPage">
<kw name="Go To" library="SeleniumLibrary">
<arg>http://www.amazon.com</arg>
<doc>Navigates the current browser window to the provided ``url``.</doc>
<msg timestamp="20210930 12:12:30.589" level="INFO">Opening url 'http://www.amazon.com'</msg>
<status status="PASS" starttime="20210930 12:12:30.588" endtime="20210930 12:12:40.058"/>
</kw>
<status status="PASS" starttime="20210930 12:12:30.588" endtime="20210930 12:12:40.058"/>
</kw>
<kw name="Search for Products" library="TopNav">
<kw name="Enter Search Term" library="TopNav">
<kw name="Input Text" library="SeleniumLibrary">
<arg>id=twotabsearchtextbox</arg>
<arg>Ferrari 458</arg>
<doc>Types the given ``text`` into the text field identified by ``locator``.</doc>
<msg timestamp="20210930 12:12:40.060" level="INFO">Typing text 'Ferrari 458' into text field 'id=twotabsearchtextbox'.</msg>
<status status="PASS" starttime="20210930 12:12:40.060" endtime="20210930 12:12:41.253"/>
</kw>
<status status="PASS" starttime="20210930 12:12:40.059" endtime="20210930 12:12:41.253"/>
</kw>
<kw name="Submit Search" library="TopNav">
<kw name="Click Button" library="SeleniumLibrary">
<arg>xpath=//*[@id="nav-search"]/form/div[2]/div/input</arg>
<doc>Clicks the button identified by ``locator``.</doc>
<msg timestamp="20210930 12:12:41.255" level="INFO">Clicking button 'xpath=//*[@id="nav-search"]/form/div[2]/div/input'.</msg>
<status status="PASS" starttime="20210930 12:12:41.254" endtime="20210930 12:12:41.654"/>
</kw>
<status status="PASS" starttime="20210930 12:12:41.254" endtime="20210930 12:12:41.654"/>
</kw>
<status status="PASS" starttime="20210930 12:12:40.059" endtime="20210930 12:12:41.655"/>
</kw>
<status status="PASS" starttime="20210930 12:12:30.587" endtime="20210930 12:12:41.655"/>
</kw>
<kw name="search results contains relevant products" library="AmazonApp">
<kw name="Verify Search Completed" library="SearchResults">
<kw name="Wait Until Page Contains" library="SeleniumLibrary">
<arg>results for "Ferrari 458"</arg>
<doc>Waits until ``text`` appears on the current page.</doc>
<kw name="Capture Page Screenshot" library="SeleniumLibrary">
<doc>Takes a screenshot of the current page and embeds it into a log file.</doc>
<msg timestamp="20210930 12:12:47.433" level="INFO" html="true">&lt;/td&gt;&lt;/tr&gt;&lt;tr&gt;&lt;td colspan="3"&gt;&lt;a href="selenium-screenshot-7.png"&gt;&lt;img src="selenium-screenshot-7.png" width="800px"&gt;&lt;/a&gt;</msg>
<status status="PASS" starttime="20210930 12:12:46.786" endtime="20210930 12:12:47.433"/>
</kw>
<msg timestamp="20210930 12:12:47.434" level="FAIL">Text 'results for "Ferrari 458"' did not appear in 5 seconds.</msg>
<status status="FAIL" starttime="20210930 12:12:41.656" endtime="20210930 12:12:47.434"/>
</kw>
<status status="FAIL" starttime="20210930 12:12:41.655" endtime="20210930 12:12:47.436"/>
</kw>
<status status="FAIL" starttime="20210930 12:12:41.655" endtime="20210930 12:12:47.437"/>
</kw>
<kw name="user selects a product from search results" library="AmazonApp">
<status status="NOT RUN" starttime="20210930 12:12:47.438" endtime="20210930 12:12:47.438"/>
</kw>
<status status="FAIL" starttime="20210930 12:12:30.586" endtime="20210930 12:12:47.438"/>
</kw>
<kw name="When user adds that product to their cart" library="AmazonApp">
<status status="NOT RUN" starttime="20210930 12:12:47.439" endtime="20210930 12:12:47.439"/>
</kw>
<kw name="Then the product is present in cart" library="AmazonApp">
<status status="NOT RUN" starttime="20210930 12:12:47.439" endtime="20210930 12:12:47.439"/>
</kw>
<kw name="End Web Test" library="Common" type="TEARDOWN">
<kw name="Close Browser" library="SeleniumLibrary">
<doc>Closes the current browser.</doc>
<status status="PASS" starttime="20210930 12:12:47.440" endtime="20210930 12:12:47.631"/>
</kw>
<status status="PASS" starttime="20210930 12:12:47.439" endtime="20210930 12:12:47.631"/>
</kw>
<tag>Smoke</tag>
<status status="FAIL" starttime="20210930 12:12:27.833" endtime="20210930 12:12:47.632">Text 'results for "Ferrari 458"' did not appear in 5 seconds.</status>
</test>
<test id="s1-t4" name="Logged out user must sign in to check out">
<kw name="Begin Web Test" library="Common" type="SETUP">
<kw name="Open Browser" library="SeleniumLibrary">
<arg>about:blank</arg>
<arg>chrome</arg>
<doc>Opens a new browser instance to the optional ``url``.</doc>
<msg timestamp="20210930 12:12:47.634" level="INFO">Opening browser 'chrome' to base url 'about:blank'.</msg>
<status status="PASS" starttime="20210930 12:12:47.634" endtime="20210930 12:12:50.467"/>
</kw>
<status status="PASS" starttime="20210930 12:12:47.633" endtime="20210930 12:12:50.468"/>
</kw>
<kw name="Given user is not logged in" library="AmazonApp">
<kw name="Log" library="BuiltIn">
<arg>Check to see whether user is logged in</arg>
<doc>Logs the given message with the given level.</doc>
<msg timestamp="20210930 12:12:50.471" level="INFO">Check to see whether user is logged in</msg>
<status status="PASS" starttime="20210930 12:12:50.470" endtime="20210930 12:12:50.471"/>
</kw>
<status status="PASS" starttime="20210930 12:12:50.469" endtime="20210930 12:12:50.471"/>
</kw>
<kw name="And user adds a product to their cart" library="AmazonApp">
<doc>This 2nd level keyword calls other 1st level keywords to help simplify the test case</doc>
<kw name="user searches for products" library="AmazonApp">
<kw name="Load" library="LandingPage">
<kw name="Go To" library="SeleniumLibrary">
<arg>http://www.amazon.com</arg>
<doc>Navigates the current browser window to the provided ``url``.</doc>
<msg timestamp="20210930 12:12:50.473" level="INFO">Opening url 'http://www.amazon.com'</msg>
<status status="PASS" starttime="20210930 12:12:50.473" endtime="20210930 12:12:53.403"/>
</kw>
<status status="PASS" starttime="20210930 12:12:50.472" endtime="20210930 12:12:53.404"/>
</kw>
<kw name="Search for Products" library="TopNav">
<kw name="Enter Search Term" library="TopNav">
<kw name="Input Text" library="SeleniumLibrary">
<arg>id=twotabsearchtextbox</arg>
<arg>Ferrari 458</arg>
<doc>Types the given ``text`` into the text field identified by ``locator``.</doc>
<msg timestamp="20210930 12:12:53.406" level="INFO">Typing text 'Ferrari 458' into text field 'id=twotabsearchtextbox'.</msg>
<status status="PASS" starttime="20210930 12:12:53.405" endtime="20210930 12:12:54.882"/>
</kw>
<status status="PASS" starttime="20210930 12:12:53.404" endtime="20210930 12:12:54.882"/>
</kw>
<kw name="Submit Search" library="TopNav">
<kw name="Click Button" library="SeleniumLibrary">
<arg>xpath=//*[@id="nav-search"]/form/div[2]/div/input</arg>
<doc>Clicks the button identified by ``locator``.</doc>
<msg timestamp="20210930 12:12:54.883" level="INFO">Clicking button 'xpath=//*[@id="nav-search"]/form/div[2]/div/input'.</msg>
<status status="PASS" starttime="20210930 12:12:54.883" endtime="20210930 12:12:55.131"/>
</kw>
<status status="PASS" starttime="20210930 12:12:54.882" endtime="20210930 12:12:55.132"/>
</kw>
<status status="PASS" starttime="20210930 12:12:53.404" endtime="20210930 12:12:55.132"/>
</kw>
<status status="PASS" starttime="20210930 12:12:50.472" endtime="20210930 12:12:55.132"/>
</kw>
<kw name="search results contains relevant products" library="AmazonApp">
<kw name="Verify Search Completed" library="SearchResults">
<kw name="Wait Until Page Contains" library="SeleniumLibrary">
<arg>results for "Ferrari 458"</arg>
<doc>Waits until ``text`` appears on the current page.</doc>
<kw name="Capture Page Screenshot" library="SeleniumLibrary">
<doc>Takes a screenshot of the current page and embeds it into a log file.</doc>
<msg timestamp="20210930 12:13:01.039" level="INFO" html="true">&lt;/td&gt;&lt;/tr&gt;&lt;tr&gt;&lt;td colspan="3"&gt;&lt;a href="selenium-screenshot-8.png"&gt;&lt;img src="selenium-screenshot-8.png" width="800px"&gt;&lt;/a&gt;</msg>
<status status="PASS" starttime="20210930 12:13:00.347" endtime="20210930 12:13:01.039"/>
</kw>
<msg timestamp="20210930 12:13:01.040" level="FAIL">Text 'results for "Ferrari 458"' did not appear in 5 seconds.</msg>
<status status="FAIL" starttime="20210930 12:12:55.134" endtime="20210930 12:13:01.040"/>
</kw>
<status status="FAIL" starttime="20210930 12:12:55.133" endtime="20210930 12:13:01.041"/>
</kw>
<status status="FAIL" starttime="20210930 12:12:55.132" endtime="20210930 12:13:01.041"/>
</kw>
<kw name="user selects a product from search results" library="AmazonApp">
<status status="NOT RUN" starttime="20210930 12:13:01.042" endtime="20210930 12:13:01.042"/>
</kw>
<kw name="correct product page loads" library="AmazonApp">
<status status="NOT RUN" starttime="20210930 12:13:01.042" endtime="20210930 12:13:01.042"/>
</kw>
<kw name="user adds that product to their cart" library="AmazonApp">
<status status="NOT RUN" starttime="20210930 12:13:01.042" endtime="20210930 12:13:01.042"/>
</kw>
<kw name="the product is present in cart" library="AmazonApp">
<status status="NOT RUN" starttime="20210930 12:13:01.042" endtime="20210930 12:13:01.042"/>
</kw>
<status status="FAIL" starttime="20210930 12:12:50.472" endtime="20210930 12:13:01.042"/>
</kw>
<kw name="When user attempts to checkout" library="AmazonApp">
<status status="NOT RUN" starttime="20210930 12:13:01.043" endtime="20210930 12:13:01.043"/>
</kw>
<kw name="Then the user is required to sign in" library="AmazonApp">
<status status="NOT RUN" starttime="20210930 12:13:01.043" endtime="20210930 12:13:01.043"/>
</kw>
<kw name="End Web Test" library="Common" type="TEARDOWN">
<kw name="Close Browser" library="SeleniumLibrary">
<doc>Closes the current browser.</doc>
<status status="PASS" starttime="20210930 12:13:01.044" endtime="20210930 12:13:01.241"/>
</kw>
<status status="PASS" starttime="20210930 12:13:01.043" endtime="20210930 12:13:01.241"/>
</kw>
<tag>Smoke</tag>
<status status="FAIL" starttime="20210930 12:12:47.632" endtime="20210930 12:13:01.242">Text 'results for "Ferrari 458"' did not appear in 5 seconds.</status>
</test>
<doc>These test cases use a 2nd level keyword to wrap up multiple 1st level keywords for brevity</doc>
<status status="FAIL" starttime="20210930 12:11:59.579" endtime="20210930 12:13:01.244"/>
</suite>
<statistics>
<total>
<stat pass="0" fail="4" skip="0">All Tests</stat>
</total>
<tag>
<stat pass="0" fail="4" skip="0">Smoke</stat>
</tag>
<suite>
<stat pass="0" fail="4" skip="0" id="s1" name="Amazon-concise">Amazon-concise</stat>
</suite>
</statistics>
<errors>
</errors>
</robot>
